<?xml version="1.0" encoding="UTF-8"?>
<!-- Generated by org.testng.reporters.JUnitXMLReporter -->
<testsuite hostname="Skycliffit021" failures="1" tests="58" name="Test" time="47.071" errors="0" timestamp="25 Nov 2021 12:13:56 GMT">
  <testcase classname="somaApiTesting.GetPatientTotalReadingsCount" name="accessToken" time="0.017"/>
  <testcase classname="somaApiTesting.GetPatientTotalReadingsCount" name="patientTotalReadingsCount" time="3.171"/>
  <testcase classname="somaApiTesting.GetSomaPatientAssociatedDevices" name="accessToken" time="0.004"/>
  <testcase classname="somaApiTesting.GetSomaPatientAssociatedDevices" name="DjNotificationSettings" time="1.316"/>
  <testcase classname="somaApiTesting.GetPatientDjAnswers" name="accessToken" time="0.002"/>
  <testcase classname="somaApiTesting.GetPatientDjAnswers" name="patientDjAnswers" time="1.557"/>
  <testcase classname="somaApiTesting.GetStates" name="accessToken" time="0.002"/>
  <testcase classname="somaApiTesting.GetStates" name="DjNotificationSettings" time="1.791"/>
  <testcase classname="somaApiTesting.PostCheckMemberPhoneNUmberExists" name="checkMemberPhoneNumberExists" time="1.311">
    <failure type="java.lang.AssertionError" message="expected [405] but found [401]">
      <![CDATA[java.lang.AssertionError: expected [405] but found [401]
	at somaApiTesting.PostCheckMemberPhoneNUmberExists.checkMemberPhoneNumberExists(PostCheckMemberPhoneNUmberExists.java:35)
... Removed 28 stack frames]]>
    </failure>
  </testcase> <!-- checkMemberPhoneNumberExists -->
  <testcase classname="somaApiTesting.GetSomaPatientPrograms" name="accessToken" time="0.001"/>
  <testcase classname="somaApiTesting.GetSomaPatientPrograms" name="DjNotificationSettings" time="1.567"/>
  <testcase classname="somaApiTesting.GetDjQuestionTypes" name="accessToken" time="0.003"/>
  <testcase classname="somaApiTesting.GetDjQuestionTypes" name="DjQuestionTypes" time="1.585"/>
  <testcase classname="somaApiTesting.GetSomaPrograms" name="accessToken" time="0.002"/>
  <testcase classname="somaApiTesting.GetSomaPrograms" name="DjNotificationSettings" time="1.59"/>
  <testcase classname="somaApiTesting.GetPatientsList" name="accessToken" time="0.001"/>
  <testcase classname="somaApiTesting.GetPatientsList" name="patientList" time="1.33"/>
  <testcase classname="somaApiTesting.GetPatientTeamMembers" name="accessToken" time="0.001"/>
  <testcase classname="somaApiTesting.GetPatientTeamMembers" name="patientTeamMembers" time="1.282"/>
  <testcase classname="somaApiTesting.GetSomaPatientToBillTodayDetails" name="accessToken" time="0.003"/>
  <testcase classname="somaApiTesting.GetSomaPatientToBillTodayDetails" name="DjNotificationSettings" time="1.54"/>
  <testcase classname="somaApiTesting.GetExistingPatientPayers" name="accessToken" time="0.002"/>
  <testcase classname="somaApiTesting.GetExistingPatientPayers" name="existingPatientPayers" time="1.491"/>
  <testcase classname="somaApiTesting.GetPatientDevices" name="accessToken" time="0.001"/>
  <testcase classname="somaApiTesting.GetPatientDevices" name="patientDevices" time="1.507"/>
  <testcase classname="somaApiTesting.GetDjNotificationSettings" name="accessToken" time="0.001"/>
  <testcase classname="somaApiTesting.GetDjNotificationSettings" name="DjNotificationSettings" time="1.58"/>
  <testcase classname="somaApiTesting.GetPatientCount" name="accessToken" time="0.001"/>
  <testcase classname="somaApiTesting.GetPatientCount" name="patientCount" time="1.571"/>
  <testcase classname="somaApiTesting.GetPatientNormalZones" name="accessToken" time="0.0"/>
  <testcase classname="somaApiTesting.GetPatientNormalZones" name="patientNormalZones" time="1.483"/>
  <testcase classname="somaApiTesting.GetSomaTeamDjQuestions" name="accessToken" time="0.003"/>
  <testcase classname="somaApiTesting.GetSomaTeamDjQuestions" name="teamDjQuestions" time="1.754"/>
  <testcase classname="somaApiTesting.BaseClass" name="accessToken" time="0.0"/>
  <testcase classname="somaApiTesting.GetPatientTeams" name="accessToken" time="0.001"/>
  <testcase classname="somaApiTesting.GetPatientTeams" name="patientTeams" time="2.247"/>
  <testcase classname="somaApiTesting.GetPatientReadings" name="accessToken" time="0.001"/>
  <testcase classname="somaApiTesting.GetPatientReadings" name="patientReadings" time="2.006"/>
  <testcase classname="somaApiTesting.GetPatientTeamNormalZones" name="accessToken" time="0.002"/>
  <testcase classname="somaApiTesting.GetPatientTeamNormalZones" name="patientTeamNormalZones" time="1.495"/>
  <testcase classname="somaApiTesting.GetReadingTypes" name="accessToken" time="0.004"/>
  <testcase classname="somaApiTesting.GetReadingTypes" name="GetReadingTypesApi" time="1.668"/>
  <testcase classname="somaApiTesting.GetPatientFoodLogDetails" name="accessToken" time="0.001"/>
  <testcase classname="somaApiTesting.GetPatientFoodLogDetails" name="patientFoodLogDetails" time="1.25"/>
  <testcase classname="somaApiTesting.GetPatientLatestReadings" name="accessToken" time="0.001"/>
  <testcase classname="somaApiTesting.GetPatientLatestReadings" name="patientLatestReadings" time="1.265"/>
  <testcase classname="somaApiTesting.GetListOfDjQuestions" name="accessToken" time="0.002"/>
  <testcase classname="somaApiTesting.GetListOfDjQuestions" name="listOfDjQuestions" time="1.821"/>
  <testcase classname="somaApiTesting.GetSomaDjCategories" name="accessToken" time="0.001"/>
  <testcase classname="somaApiTesting.GetSomaDjCategories" name="somaDjCategories" time="1.561"/>
  <testcase classname="somaApiTesting.GetPatientFullName" name="accessToken" time="0.0"/>
  <testcase classname="somaApiTesting.GetPatientFullName" name="patientFullName" time="1.555"/>
  <testcase classname="somaApiTesting.GetpatientFoodLogHistory" name="accessToken" time="0.001"/>
  <testcase classname="somaApiTesting.GetpatientFoodLogHistory" name="patientFoodLogHistory" time="1.577"/>
  <testcase classname="somaApiTesting.GetLatestSoftwareVersion" name="accessToken" time="0.001"/>
  <testcase classname="somaApiTesting.GetLatestSoftwareVersion" name="LatestSoftwareVersion" time="1.445"/>
  <testcase classname="somaApiTesting.GetPatientAlertsConfiguration" name="accessToken" time="0.001"/>
  <testcase classname="somaApiTesting.GetPatientAlertsConfiguration" name="patientAlertsConfiguration" time="1.537"/>
</testsuite> <!-- Test -->
